Build started 10/25/2014 4:51:49 PM.
     1>Project "c:\Users\John\documents\visual studio 2012\Projects\battleships\battleships\battleships.vcxproj" on node 2 (Build target(s)).
     1>ClCompile:
         C:\Program Files (x86)\Microsoft Visual Studio 11.0\VC\bin\CL.exe /c /ZI /nologo /W3 /WX- /sdl /Od /Oy- /D WIN32 /D _DEBUG /D _CONSOLE /D _UNICODE /D UNICODE /Gm /EHsc /RTC1 /MDd /GS /fp:precise /Zc:wchar_t /Zc:forScope /Fo"Debug\\" /Fd"Debug\vc110.pdb" /Gd /TC /analyze- /errorReport:prompt battleship.c
         battleship.c
     1>c:\users\john\documents\visual studio 2012\projects\battleships\battleships\battleship.c(38): warning C4013: 'time' undefined; assuming extern returning int
     1>c:\users\john\documents\visual studio 2012\projects\battleships\battleships\battleship.c(39): error C2143: syntax error : missing ';' before 'type'
     1>c:\users\john\documents\visual studio 2012\projects\battleships\battleships\battleship.c(41): error C2065: 'ship' : undeclared identifier
     1>c:\users\john\documents\visual studio 2012\projects\battleships\battleships\battleship.c(42): error C2065: 'ship' : undeclared identifier
     1>c:\users\john\documents\visual studio 2012\projects\battleships\battleships\battleship.c(43): error C2065: 'ship' : undeclared identifier
     1>c:\users\john\documents\visual studio 2012\projects\battleships\battleships\battleship.c(47): error C2065: 'last' : undeclared identifier
     1>c:\users\john\documents\visual studio 2012\projects\battleships\battleships\battleship.c(47): error C2065: 'ship' : undeclared identifier
     1>c:\users\john\documents\visual studio 2012\projects\battleships\battleships\battleship.c(48): error C2065: 'ship' : undeclared identifier
     1>c:\users\john\documents\visual studio 2012\projects\battleships\battleships\battleship.c(48): error C2065: 'last' : undeclared identifier
     1>c:\users\john\documents\visual studio 2012\projects\battleships\battleships\battleship.c(50): error C2065: 'ship' : undeclared identifier
     1>c:\users\john\documents\visual studio 2012\projects\battleships\battleships\battleship.c(51): error C2065: 'ship' : undeclared identifier
     1>c:\users\john\documents\visual studio 2012\projects\battleships\battleships\battleship.c(52): error C2065: 'ship' : undeclared identifier
     1>c:\users\john\documents\visual studio 2012\projects\battleships\battleships\battleship.c(52): error C2065: 'last' : undeclared identifier
     1>Done Building Project "c:\Users\John\documents\visual studio 2012\Projects\battleships\battleships\battleships.vcxproj" (Build target(s)) -- FAILED.

Build FAILED.

Time Elapsed 00:00:03.33
