Build started 9/19/2014 8:55:44 AM.
     1>Project "c:\Users\John\documents\visual studio 2012\Projects\lab3\lab3\lab3.vcxproj" on node 2 (Build target(s)).
     1>ClCompile:
         C:\Program Files (x86)\Microsoft Visual Studio 11.0\VC\bin\CL.exe /c /ZI /nologo /W3 /WX- /Od /Oy- /D WIN32 /D _DEBUG /D _CONSOLE /D _UNICODE /D UNICODE /Gm /EHsc /RTC1 /MDd /GS /fp:precise /Zc:wchar_t /Zc:forScope /Fo"Debug\\" /Fd"Debug\vc110.pdb" /Gd /TC /analyze- /errorReport:prompt functions.c main.c
         main.c
     1>c:\users\john\documents\visual studio 2012\projects\lab3\lab3\main.c(12): warning C4996: 'fopen': This function or variable may be unsafe. Consider using fopen_s instead. To disable deprecation, use _CRT_SECURE_NO_WARNINGS. See online help for details.
                 c:\program files (x86)\microsoft visual studio 11.0\vc\include\stdio.h(218) : see declaration of 'fopen'
     1>c:\users\john\documents\visual studio 2012\projects\lab3\lab3\main.c(13): warning C4996: 'fopen': This function or variable may be unsafe. Consider using fopen_s instead. To disable deprecation, use _CRT_SECURE_NO_WARNINGS. See online help for details.
                 c:\program files (x86)\microsoft visual studio 11.0\vc\include\stdio.h(218) : see declaration of 'fopen'
     1>c:\users\john\documents\visual studio 2012\projects\lab3\lab3\main.c(14): warning C4996: 'fopen': This function or variable may be unsafe. Consider using fopen_s instead. To disable deprecation, use _CRT_SECURE_NO_WARNINGS. See online help for details.
                 c:\program files (x86)\microsoft visual studio 11.0\vc\include\stdio.h(218) : see declaration of 'fopen'
         functions.c
     1>c:\users\john\documents\visual studio 2012\projects\lab3\lab3\functions.c(8): warning C4305: 'initializing' : truncation from 'int' to 'char'
     1>c:\users\john\documents\visual studio 2012\projects\lab3\lab3\functions.c(10): warning C4996: 'fscanf': This function or variable may be unsafe. Consider using fscanf_s instead. To disable deprecation, use _CRT_SECURE_NO_WARNINGS. See online help for details.
                 c:\program files (x86)\microsoft visual studio 11.0\vc\include\stdio.h(237) : see declaration of 'fscanf'
     1>c:\users\john\documents\visual studio 2012\projects\lab3\lab3\functions.c(26): warning C4996: 'fopen': This function or variable may be unsafe. Consider using fopen_s instead. To disable deprecation, use _CRT_SECURE_NO_WARNINGS. See online help for details.
                 c:\program files (x86)\microsoft visual studio 11.0\vc\include\stdio.h(218) : see declaration of 'fopen'
         Generating Code...
       Link:
         C:\Program Files (x86)\Microsoft Visual Studio 11.0\VC\bin\link.exe /ERRORREPORT:PROMPT /OUT:"c:\users\john\documents\visual studio 2012\Projects\lab3\Debug\lab3.exe" /INCREMENTAL /NOLOGO kernel32.lib user32.lib gdi32.lib winspool.lib comdlg32.lib advapi32.lib shell32.lib ole32.lib oleaut32.lib uuid.lib odbc32.lib odbccp32.lib /MANIFEST /MANIFESTUAC:"level='asInvoker' uiAccess='false'" /manifest:embed /DEBUG /PDB:"c:\users\john\documents\visual studio 2012\Projects\lab3\Debug\lab3.pdb" /SUBSYSTEM:CONSOLE /TLBID:1 /DYNAMICBASE /NXCOMPAT /IMPLIB:"c:\users\john\documents\visual studio 2012\Projects\lab3\Debug\lab3.lib" /MACHINE:X86 Debug\functions.obj
         Debug\main.obj
         lab3.vcxproj -> c:\users\john\documents\visual studio 2012\Projects\lab3\Debug\lab3.exe
     1>Done Building Project "c:\Users\John\documents\visual studio 2012\Projects\lab3\lab3\lab3.vcxproj" (Build target(s)).

Build succeeded.

Time Elapsed 00:00:00.59
