C:\USERS\JOHNNY\DROPBOX\CPTS_122\RANDOMSUB\RANDOMSUB\DEBUG\MAIN.OBJ
C:\USERS\JOHNNY\DROPBOX\CPTS_122\RANDOMSUB\RANDOMSUB\DEBUG\VC110.PDB
C:\USERS\JOHNNY\DROPBOX\CPTS_122\RANDOMSUB\DEBUG\RANDOMSUB.ILK
C:\USERS\JOHNNY\DROPBOX\CPTS_122\RANDOMSUB\DEBUG\RANDOMSUB.EXE
C:\USERS\JOHNNY\DROPBOX\CPTS_122\RANDOMSUB\DEBUG\RANDOMSUB.PDB
C:\Users\johnny\Dropbox\cpts_122\randomsub\randomsub\Debug\main.obj
C:\Users\johnny\Dropbox\cpts_122\randomsub\randomsub\Debug\cl.command.1.tlog
C:\Users\johnny\Dropbox\cpts_122\randomsub\randomsub\Debug\CL.read.1.tlog
C:\Users\johnny\Dropbox\cpts_122\randomsub\randomsub\Debug\CL.write.1.tlog
C:\Users\johnny\Dropbox\cpts_122\randomsub\randomsub\Debug\link-cvtres.read.1.tlog
C:\Users\johnny\Dropbox\cpts_122\randomsub\randomsub\Debug\link-cvtres.write.1.tlog
C:\Users\johnny\Dropbox\cpts_122\randomsub\randomsub\Debug\link-rc.read.1.tlog
C:\Users\johnny\Dropbox\cpts_122\randomsub\randomsub\Debug\link-rc.write.1.tlog
C:\Users\johnny\Dropbox\cpts_122\randomsub\randomsub\Debug\link.1104-cvtres.read.1.tlog
C:\Users\johnny\Dropbox\cpts_122\randomsub\randomsub\Debug\link.1104-cvtres.write.1.tlog
C:\Users\johnny\Dropbox\cpts_122\randomsub\randomsub\Debug\link.1104-rc.read.1.tlog
C:\Users\johnny\Dropbox\cpts_122\randomsub\randomsub\Debug\link.1104-rc.write.1.tlog
C:\Users\johnny\Dropbox\cpts_122\randomsub\randomsub\Debug\link.1104.read.1.tlog
C:\Users\johnny\Dropbox\cpts_122\randomsub\randomsub\Debug\link.1104.write.1.tlog
C:\Users\johnny\Dropbox\cpts_122\randomsub\randomsub\Debug\link.1180-cvtres.read.1.tlog
C:\Users\johnny\Dropbox\cpts_122\randomsub\randomsub\Debug\link.1180-cvtres.write.1.tlog
C:\Users\johnny\Dropbox\cpts_122\randomsub\randomsub\Debug\link.1180-rc.read.1.tlog
C:\Users\johnny\Dropbox\cpts_122\randomsub\randomsub\Debug\link.1180-rc.write.1.tlog
C:\Users\johnny\Dropbox\cpts_122\randomsub\randomsub\Debug\link.1180.read.1.tlog
C:\Users\johnny\Dropbox\cpts_122\randomsub\randomsub\Debug\link.1180.write.1.tlog
C:\Users\johnny\Dropbox\cpts_122\randomsub\randomsub\Debug\link.3060-cvtres.read.1.tlog
C:\Users\johnny\Dropbox\cpts_122\randomsub\randomsub\Debug\link.3060-cvtres.write.1.tlog
C:\Users\johnny\Dropbox\cpts_122\randomsub\randomsub\Debug\link.3060-rc.read.1.tlog
C:\Users\johnny\Dropbox\cpts_122\randomsub\randomsub\Debug\link.3060-rc.write.1.tlog
C:\Users\johnny\Dropbox\cpts_122\randomsub\randomsub\Debug\link.3060.read.1.tlog
C:\Users\johnny\Dropbox\cpts_122\randomsub\randomsub\Debug\link.3060.write.1.tlog
C:\Users\johnny\Dropbox\cpts_122\randomsub\randomsub\Debug\link.3740-cvtres.read.1.tlog
C:\Users\johnny\Dropbox\cpts_122\randomsub\randomsub\Debug\link.3740-cvtres.write.1.tlog
C:\Users\johnny\Dropbox\cpts_122\randomsub\randomsub\Debug\link.3740-rc.read.1.tlog
C:\Users\johnny\Dropbox\cpts_122\randomsub\randomsub\Debug\link.3740-rc.write.1.tlog
C:\Users\johnny\Dropbox\cpts_122\randomsub\randomsub\Debug\link.3740.read.1.tlog
C:\Users\johnny\Dropbox\cpts_122\randomsub\randomsub\Debug\link.3740.write.1.tlog
C:\Users\johnny\Dropbox\cpts_122\randomsub\randomsub\Debug\link.4296-cvtres.read.1.tlog
C:\Users\johnny\Dropbox\cpts_122\randomsub\randomsub\Debug\link.4296-cvtres.write.1.tlog
C:\Users\johnny\Dropbox\cpts_122\randomsub\randomsub\Debug\link.4296-rc.read.1.tlog
C:\Users\johnny\Dropbox\cpts_122\randomsub\randomsub\Debug\link.4296-rc.write.1.tlog
C:\Users\johnny\Dropbox\cpts_122\randomsub\randomsub\Debug\link.4296.read.1.tlog
C:\Users\johnny\Dropbox\cpts_122\randomsub\randomsub\Debug\link.4296.write.1.tlog
C:\Users\johnny\Dropbox\cpts_122\randomsub\randomsub\Debug\link.4504-cvtres.read.1.tlog
C:\Users\johnny\Dropbox\cpts_122\randomsub\randomsub\Debug\link.4504-cvtres.write.1.tlog
C:\Users\johnny\Dropbox\cpts_122\randomsub\randomsub\Debug\link.4504-rc.read.1.tlog
C:\Users\johnny\Dropbox\cpts_122\randomsub\randomsub\Debug\link.4504-rc.write.1.tlog
C:\Users\johnny\Dropbox\cpts_122\randomsub\randomsub\Debug\link.4504.read.1.tlog
C:\Users\johnny\Dropbox\cpts_122\randomsub\randomsub\Debug\link.4504.write.1.tlog
C:\Users\johnny\Dropbox\cpts_122\randomsub\randomsub\Debug\link.4696-cvtres.read.1.tlog
C:\Users\johnny\Dropbox\cpts_122\randomsub\randomsub\Debug\link.4696-cvtres.write.1.tlog
C:\Users\johnny\Dropbox\cpts_122\randomsub\randomsub\Debug\link.4696-rc.read.1.tlog
C:\Users\johnny\Dropbox\cpts_122\randomsub\randomsub\Debug\link.4696-rc.write.1.tlog
C:\Users\johnny\Dropbox\cpts_122\randomsub\randomsub\Debug\link.4696.read.1.tlog
C:\Users\johnny\Dropbox\cpts_122\randomsub\randomsub\Debug\link.4696.write.1.tlog
C:\Users\johnny\Dropbox\cpts_122\randomsub\randomsub\Debug\link.5072-cvtres.read.1.tlog
C:\Users\johnny\Dropbox\cpts_122\randomsub\randomsub\Debug\link.5072-cvtres.write.1.tlog
C:\Users\johnny\Dropbox\cpts_122\randomsub\randomsub\Debug\link.5072-rc.read.1.tlog
C:\Users\johnny\Dropbox\cpts_122\randomsub\randomsub\Debug\link.5072-rc.write.1.tlog
C:\Users\johnny\Dropbox\cpts_122\randomsub\randomsub\Debug\link.5072.read.1.tlog
C:\Users\johnny\Dropbox\cpts_122\randomsub\randomsub\Debug\link.5072.write.1.tlog
C:\Users\johnny\Dropbox\cpts_122\randomsub\randomsub\Debug\link.5752-cvtres.read.1.tlog
C:\Users\johnny\Dropbox\cpts_122\randomsub\randomsub\Debug\link.5752-cvtres.write.1.tlog
C:\Users\johnny\Dropbox\cpts_122\randomsub\randomsub\Debug\link.5752-rc.read.1.tlog
C:\Users\johnny\Dropbox\cpts_122\randomsub\randomsub\Debug\link.5752-rc.write.1.tlog
C:\Users\johnny\Dropbox\cpts_122\randomsub\randomsub\Debug\link.5752.read.1.tlog
C:\Users\johnny\Dropbox\cpts_122\randomsub\randomsub\Debug\link.5752.write.1.tlog
C:\Users\johnny\Dropbox\cpts_122\randomsub\randomsub\Debug\link.6052-cvtres.read.1.tlog
C:\Users\johnny\Dropbox\cpts_122\randomsub\randomsub\Debug\link.6052-cvtres.write.1.tlog
C:\Users\johnny\Dropbox\cpts_122\randomsub\randomsub\Debug\link.6052-rc.read.1.tlog
C:\Users\johnny\Dropbox\cpts_122\randomsub\randomsub\Debug\link.6052-rc.write.1.tlog
C:\Users\johnny\Dropbox\cpts_122\randomsub\randomsub\Debug\link.6052.read.1.tlog
C:\Users\johnny\Dropbox\cpts_122\randomsub\randomsub\Debug\link.6052.write.1.tlog
C:\Users\johnny\Dropbox\cpts_122\randomsub\randomsub\Debug\link.844-cvtres.read.1.tlog
C:\Users\johnny\Dropbox\cpts_122\randomsub\randomsub\Debug\link.844-cvtres.write.1.tlog
C:\Users\johnny\Dropbox\cpts_122\randomsub\randomsub\Debug\link.844-rc.read.1.tlog
C:\Users\johnny\Dropbox\cpts_122\randomsub\randomsub\Debug\link.844-rc.write.1.tlog
C:\Users\johnny\Dropbox\cpts_122\randomsub\randomsub\Debug\link.844.read.1.tlog
C:\Users\johnny\Dropbox\cpts_122\randomsub\randomsub\Debug\link.844.write.1.tlog
C:\Users\johnny\Dropbox\cpts_122\randomsub\randomsub\Debug\link.command.1.tlog
C:\Users\johnny\Dropbox\cpts_122\randomsub\randomsub\Debug\link.read.1.tlog
C:\Users\johnny\Dropbox\cpts_122\randomsub\randomsub\Debug\link.write.1.tlog
C:\Users\johnny\Dropbox\cpts_122\randomsub\randomsub\Debug\vc110.idb
C:\Users\johnny\Dropbox\cpts_122\randomsub\randomsub\Debug\vc110.pdb
C:\Users\johnny\Dropbox\cpts_122\randomsub\Debug\randomsub.pdb
C:\Users\johnny\Dropbox\cpts_122\randomsub\Debug\randomsub.exe
C:\Users\johnny\Dropbox\cpts_122\randomsub\Debug\randomsub.ilk
